<?xml version="1.0" encoding="UTF-8"?>
<testsuite name="com.example.solo_levelling.core.event.EventBusTest" tests="2" skipped="0" failures="0" errors="0" timestamp="2026-08-15T10:26:56.569Z" hostname="LMOLNEOMACL3RT.local" time="0.04">
  <properties/>
  <testcase name="e_tryPublish_succeedsWithBuffer" classname="com.example.solo_levelling.core.event.EventBusTest" time="0.003"/>
  <testcase name="p_publish_deliversEventToCollectors" classname="com.example.solo_levelling.core.event.EventBusTest" time="0.037"/>
  <system-out><![CDATA[]]></system-out>
  <system-err><![CDATA[]]></system-err>
</testsuite>
