<?xml version="1.0" encoding="UTF-8"?>
<testsuite name="com.example.solo_levelling.domain.service.AdaptiveServicePureTest" tests="3" skipped="0" failures="0" errors="0" timestamp="2026-08-15T10:26:56.610Z" hostname="LMOLNEOMACL3RT.local" time="0.001">
  <properties/>
  <testcase name="e_suggestedXp_unchangedInMiddleBand" classname="com.example.solo_levelling.domain.service.AdaptiveServicePureTest" time="0.0"/>
  <testcase name="p_suggestedXp_decreasesWhenCompletionLow" classname="com.example.solo_levelling.domain.service.AdaptiveServicePureTest" time="0.0"/>
  <testcase name="p_suggestedXp_increasesWhenCompletionHigh" classname="com.example.solo_levelling.domain.service.AdaptiveServicePureTest" time="0.0"/>
  <system-out><![CDATA[]]></system-out>
  <system-err><![CDATA[]]></system-err>
</testsuite>
