<?xml version="1.0" encoding="UTF-8"?>
<testsuite name="com.example.solo_levelling.domain.service.QuestCompletionServiceTest" tests="5" skipped="0" failures="0" errors="0" timestamp="2026-08-15T10:26:56.683Z" hostname="LMOLNEOMACL3RT.local" time="2.686">
  <properties/>
  <testcase name="p_complete_awardsXpOnceAndUpdatesProjections" classname="com.example.solo_levelling.domain.service.QuestCompletionServiceTest" time="2.614"/>
  <testcase name="n_complete_missingInstanceReturnsNotFound" classname="com.example.solo_levelling.domain.service.QuestCompletionServiceTest" time="0.016"/>
  <testcase name="n_undo_outsideWindowFails" classname="com.example.solo_levelling.domain.service.QuestCompletionServiceTest" time="0.019"/>
  <testcase name="p_undo_reversesXpWithinWindow" classname="com.example.solo_levelling.domain.service.QuestCompletionServiceTest" time="0.02"/>
  <testcase name="e_complete_isIdempotent" classname="com.example.solo_levelling.domain.service.QuestCompletionServiceTest" time="0.017"/>
  <system-out><![CDATA[]]></system-out>
  <system-err><![CDATA[]]></system-err>
</testsuite>
